[Message:   BepInEx] BepInEx 5.4.22.0 - Get To The Orange Door (6/02/2024 5:08:32 PM)
[Info   :   BepInEx] Running under Unity v2021.3.31.3410402
[Info   :   BepInEx] CLR runtime version: 4.0.30319.42000
[Info   :   BepInEx] Supports SRE: True
[Info   :   BepInEx] System platform: Bits64, Windows
[Message:   BepInEx] Preloader started
[Info   :   BepInEx] Loaded 1 patcher method from [BepInEx.Preloader 5.4.22.0]
[Info   :   BepInEx] 1 patcher plugin loaded
[Info   :   BepInEx] Patching [UnityEngine.CoreModule] with [BepInEx.Chainloader]
[Message:   BepInEx] Preloader finished
[Message:   BepInEx] Chainloader ready
[Message:   BepInEx] Chainloader started
[Info   :   BepInEx] 2 plugins to load
[Info   :   BepInEx] Loading [UnityExplorer 4.9.0]
[Message:UnityExplorer] UnityExplorer 4.9.0 initializing...
[Message:UnityExplorer] [UniverseLib] UniverseLib 1.5.1 initializing...
[Message:UnityExplorer] [UniverseLib] Finished UniverseLib initial setup.
[Message:UnityExplorer] Initialized UnityCrashPrevention for: Canvas.get_renderingDisplaySize
[Info   :   BepInEx] Loading [K8Lib 1.0.0]
[Info   :     K8Lib] Plugin K8Lib is loaded!
[Info   :     K8Lib] Thank you for shopping at [AUGHAUUGHHUGH]
[Message:   BepInEx] Chainloader startup complete
[Message:UnityExplorer] [UniverseLib] Initialized Legacy Input support
[Message:UnityExplorer] [UniverseLib] Loaded modern bundle for Unity 2021.3.31f1
[Message:UnityExplorer] [UniverseLib] UniverseLib 1.5.1 initialized.
[Message:UnityExplorer] Creating UI...
[Message:UnityExplorer] UnityExplorer 4.9.0 (Mono) initialized.
